Loading files...
Files loaded.
if system_dependent('IsDebugMode')==1, dbstep; end
tab

tab =

   1.0e+05 *

                -Inf   0.275790000000000   0.000024580213904
   0.000020000000000   0.000100000000000   0.000000008912656
   0.000030000000000   0.000770000000000   0.000000068627451
   0.000040000000000   0.006820000000000   0.000000607843137
   0.000050000000000   0.036770000000000   0.000003277183601
   0.000060000000000   0.129260000000000   0.000011520499109
   0.000070000000000   0.304890000000000   0.000027173796791
   0.000080000000000   0.505710000000000   0.000045072192513
   0.000090000000000   0.672300000000000   0.000059919786096
   0.000100000000000   0.991840000000000   0.000088399286988
   0.000110000000000   1.668770000000000   0.000148731729055
   0.000120000000000   2.221300000000000   0.000197976827094
   0.000130000000000   1.926950000000000   0.000171742424242
   0.000140000000000   1.238670000000000   0.000110398395722
   0.000150000000000   0.654980000000000   0.000058376114082
   0.000160000000000   0.319920000000000   0.000028513368984
   0.000170000000000   0.136120000000000   0.000012131907308
   0.000180000000000   0.060440000000000   0.000005386809269
   0.000190000000000   0.027030000000000   0.000002409090909
   0.000200000000000   0.013910000000000   0.000001239750446
   0.000210000000000   0.008590000000000   0.000000765597148
   0.000220000000000   0.005680000000000   0.000000506238859
   0.000230000000000   0.004010000000000   0.000000357397504
   0.000240000000000   0.002880000000000   0.000000256684492
   0.000250000000000   0.001600000000000   0.000000142602496
   0.000260000000000   0.001600000000000   0.000000142602496
   0.000270000000000   0.001010000000000   0.000000090017825
   0.000280000000000   0.000580000000000   0.000000051693405
   0.000290000000000   0.000550000000000   0.000000049019608
   0.000300000000000   0.000330000000000   0.000000029411765
   0.000310000000000   0.000300000000000   0.000000026737968
   0.000320000000000   0.000110000000000   0.000000009803922
   0.000330000000000   0.000140000000000   0.000000012477718
   0.000340000000000   0.000090000000000   0.000000008021390
   0.000350000000000   0.000070000000000   0.000000006238859
   0.000360000000000   0.000040000000000   0.000000003565062
   0.000370000000000   0.000040000000000   0.000000003565062
   0.000400000000000   0.000010000000000   0.000000000891266
   0.000420000000000   0.000010000000000   0.000000000891266
   0.000430000000000   0.000010000000000   0.000000000891266
   0.000440000000000   0.000010000000000   0.000000000891266

if system_dependent('IsDebugMode')==1, dbcont; end
----> Computing DRT = 4... 
----> Computing distances...
----> i = 681... 
----> i = 680... 
----> i = 679... 
----> i = 678... 
----> i = 677... 
----> i = 676... 
----> i = 675... 
----> i = 674... 
----> i = 673... 
----> i = 672... 
----> i = 671... 
----> i = 670... 
----> i = 669... 
----> i = 668... 
----> i = 667... 
----> i = 666... 
----> i = 665... 
----> i = 664... 
----> i = 663... 
----> i = 662... 
----> i = 661... 
----> i = 660... 
----> i = 659... 
----> i = 658... 
----> i = 657... 
----> i = 656... 
----> i = 655... 
----> i = 654... 
----> i = 653... 
----> i = 652... 
----> i = 651... 
----> i = 650... 
----> i = 649... 
----> i = 648... 
----> i = 647... 
----> i = 646... 
----> i = 645... 
----> i = 644... 
----> i = 643... 
----> i = 642... 
----> i = 641... 
----> i = 640... 
----> i = 639... 
----> i = 638... 
----> i = 637... 
----> i = 636... 
----> i = 635... 
----> i = 634... 
----> i = 633... 
----> i = 632... 
----> i = 631... 
----> i = 630... 
----> i = 629... 
----> i = 628... 
----> i = 627... 
----> i = 626... 
----> i = 625... 
----> i = 624... 
----> i = 623... 
----> i = 622... 
----> i = 621... 
----> i = 620... 
----> i = 619... 
----> i = 618... 
----> i = 617... 
----> i = 616... 
----> i = 615... 
----> i = 614... 
----> i = 613... 
----> i = 612... 
----> i = 611... 
----> i = 610... 
----> i = 609... 
----> i = 608... 
----> i = 607... 
----> i = 606... 
----> i = 605... 
----> i = 604... 
----> i = 603... 
----> i = 602... 
----> i = 601... 
----> i = 600... 
----> i = 599... 
----> i = 598... 
----> i = 597... 
----> i = 596... 
----> i = 595... 
----> i = 594... 
----> i = 593... 
----> i = 592... 
----> i = 591... 
----> i = 590... 
----> i = 589... 
----> i = 588... 
----> i = 587... 
----> i = 586... 
----> i = 585... 
----> i = 584... 
----> i = 583... 
----> i = 582... 
----> i = 581... 
----> i = 580... 
----> i = 579... 
----> i = 578... 
----> i = 577... 
----> i = 576... 
----> i = 575... 
----> i = 574... 
----> i = 573... 
----> i = 572... 
----> i = 571... 
----> i = 570... 
----> i = 569... 
----> i = 568... 
----> i = 567... 
----> i = 566... 
----> i = 565... 
----> i = 564... 
----> i = 563... 
----> i = 562... 
----> i = 561... 
----> i = 560... 
----> i = 559... 
----> i = 558... 
----> i = 557... 
----> i = 556... 
----> i = 555... 
----> i = 554... 
----> i = 553... 
----> i = 552... 
----> i = 551... 
----> i = 550... 
----> i = 549... 
----> i = 548... 
----> i = 547... 
----> i = 546... 
----> i = 545... 
----> i = 544... 
----> i = 543... 
----> i = 542... 
----> i = 541... 
----> i = 540... 
----> i = 539... 
----> i = 538... 
----> i = 537... 
----> i = 536... 
----> i = 535... 
----> i = 534... 
----> i = 533... 
----> i = 532... 
----> i = 531... 
----> i = 530... 
----> i = 529... 
----> i = 528... 
----> i = 527... 
----> i = 526... 
----> i = 525... 
----> i = 524... 
----> i = 523... 
----> i = 522... 
----> i = 521... 
----> i = 520... 
----> i = 519... 
----> i = 518... 
----> i = 517... 
----> i = 516... 
----> i = 515... 
----> i = 514... 
----> i = 513... 
----> i = 512... 
----> i = 511... 
----> i = 510... 
----> i = 509... 
----> i = 508... 
----> i = 507... 
----> i = 506... 
----> i = 505... 
----> i = 504... 
----> i = 503... 
----> i = 502... 
----> i = 501... 
----> i = 500... 
----> i = 499... 
----> i = 498... 
----> i = 497... 
----> i = 496... 
----> i = 495... 
----> i = 494... 
----> i = 493... 
----> i = 492... 
----> i = 491... 
----> i = 490... 
----> i = 489... 
----> i = 488... 
----> i = 487... 
----> i = 486... 
----> i = 485... 
----> i = 484... 
----> i = 483... 
----> i = 482... 
----> i = 481... 
----> i = 480... 
----> i = 479... 
----> i = 478... 
----> i = 477... 
----> i = 476... 
----> i = 475... 
----> i = 474... 
----> i = 473... 
----> i = 472... 
----> i = 471... 
----> i = 470... 
----> i = 469... 
----> i = 468... 
----> i = 467... 
----> i = 466... 
----> i = 465... 
----> i = 464... 
----> i = 463... 
----> i = 462... 
----> i = 461... 
----> i = 460... 
----> i = 459... 
----> i = 458... 
----> i = 457... 
----> i = 456... 
----> i = 455... 
----> i = 454... 
----> i = 453... 
----> i = 452... 
----> i = 451... 
----> i = 450... 
----> i = 449... 
----> i = 448... 
----> i = 447... 
----> i = 446... 
----> i = 445... 
----> i = 444... 
----> i = 443... 
----> i = 442... 
----> i = 441... 
----> i = 440... 
----> i = 439... 
----> i = 438... 
----> i = 437... 
----> i = 436... 
----> i = 435... 
----> i = 434... 
----> i = 433... 
----> i = 432... 
----> i = 431... 
----> i = 430... 
----> i = 429... 
----> i = 428... 
----> i = 427... 
----> i = 426... 
----> i = 425... 
----> i = 424... 
----> i = 423... 
----> i = 422... 
----> i = 421... 
----> i = 420... 
----> i = 419... 
----> i = 418... 
----> i = 417... 
----> i = 416... 
----> i = 415... 
----> i = 414... 
----> i = 413... 
----> i = 412... 
----> i = 411... 
----> i = 410... 
----> i = 409... 
----> i = 408... 
----> i = 407... 
----> i = 406... 
----> i = 405... 
----> i = 404... 
----> i = 403... 
----> i = 402... 
----> i = 401... 
----> i = 400... 
----> i = 399... 
----> i = 398... 
----> i = 397... 
----> i = 396... 
----> i = 395... 
----> i = 394... 
----> i = 393... 
----> i = 392... 
----> i = 391... 
----> i = 390... 
----> i = 389... 
----> i = 388... 
----> i = 387... 
----> i = 386... 
----> i = 385... 
----> i = 384... 
----> i = 383... 
----> i = 382... 
----> i = 381... 
----> i = 380... 
----> i = 379... 
----> i = 378... 
----> i = 377... 
----> i = 376... 
----> i = 375... 
----> i = 374... 
----> i = 373... 
----> i = 372... 
----> i = 371... 
----> i = 370... 
----> i = 369... 
----> i = 368... 
----> i = 367... 
----> i = 366... 
----> i = 365... 
----> i = 364... 
----> i = 363... 
----> i = 362... 
----> i = 361... 
----> i = 360... 
----> i = 359... 
----> i = 358... 
----> i = 357... 
----> i = 356... 
----> i = 355... 
----> i = 354... 
----> i = 353... 
----> i = 352... 
----> i = 351... 
----> i = 350... 
----> i = 349... 
----> i = 348... 
----> i = 347... 
----> i = 346... 
----> i = 345... 
----> i = 344... 
----> i = 343... 
----> i = 342... 
----> i = 341... 
----> i = 340... 
----> i = 339... 
----> i = 338... 
----> i = 337... 
----> i = 336... 
----> i = 335... 
----> i = 334... 
----> i = 333... 
----> i = 332... 
----> i = 331... 
----> i = 330... 
----> i = 329... 
----> i = 328... 
----> i = 327... 
----> i = 326... 
----> i = 325... 
----> i = 324... 
----> i = 323... 
----> i = 322... 
----> i = 321... 
----> i = 320... 
----> i = 319... 
----> i = 318... 
----> i = 317... 
----> i = 316... 
----> i = 315... 
----> i = 314... 
----> i = 313... 
----> i = 312... 
----> i = 311... 
----> i = 310... 
----> i = 309... 
----> i = 308... 
----> i = 307... 
----> i = 306... 
----> i = 305... 
----> i = 304... 
----> i = 303... 
----> i = 302... 
----> i = 301... 
----> i = 300... 
----> i = 299... 
----> i = 298... 
----> i = 297... 
----> i = 296... 
----> i = 295... 
----> i = 294... 
----> i = 293... 
----> i = 292... 
----> i = 291... 
----> i = 290... 
----> i = 289... 
----> i = 288... 
----> i = 287... 
----> i = 286... 
----> i = 285... 
----> i = 284... 
----> i = 283... 
----> i = 282... 
----> i = 281... 
----> i = 280... 
----> i = 279... 
----> i = 278... 
----> i = 277... 
----> i = 276... 
----> i = 275... 
----> i = 274... 
----> i = 273... 
----> i = 272... 
----> i = 271... 
----> i = 270... 
----> i = 269... 
----> i = 268... 
----> i = 267... 
----> i = 266... 
----> i = 265... 
----> i = 264... 
----> i = 263... 
----> i = 262... 
----> i = 261... 
----> i = 260... 
----> i = 259... 
----> i = 258... 
----> i = 257... 
----> i = 256... 
----> i = 255... 
----> i = 254... 
----> i = 253... 
----> i = 252... 
----> i = 251... 
----> i = 250... 
----> i = 249... 
----> i = 248... 
----> i = 247... 
----> i = 246... 
----> i = 245... 
----> i = 244... 
----> i = 243... 
----> i = 242... 
----> i = 241... 
----> i = 240... 
----> i = 239... 
----> i = 238... 
----> i = 237... 
----> i = 236... 
----> i = 235... 
----> i = 234... 
----> i = 233... 
----> i = 232... 
----> i = 231... 
----> i = 230... 
----> i = 229... 
----> i = 228... 
----> i = 227... 
----> i = 226... 
----> i = 225... 
----> i = 224... 
----> i = 223... 
----> i = 222... 
----> i = 221... 
----> i = 220... 
----> i = 219... 
----> i = 218... 
----> i = 217... 
----> i = 216... 
----> i = 215... 
----> i = 214... 
----> i = 213... 
----> i = 212... 
----> i = 211... 
----> i = 210... 
----> i = 209... 
----> i = 208... 
----> i = 207... 
----> i = 206... 
----> i = 205... 
----> i = 204... 
----> i = 203... 
----> i = 202... 
----> i = 201... 
----> i = 200... 
----> i = 199... 
----> i = 198... 
----> i = 197... 
----> i = 196... 
----> i = 195... 
----> i = 194... 
----> i = 193... 
----> i = 192... 
----> i = 191... 
----> i = 190... 
----> i = 189... 
----> i = 188... 
----> i = 187... 
----> i = 186... 
----> i = 185... 
----> i = 184... 
----> i = 183... 
----> i = 182... 
----> i = 181... 
----> i = 180... 
----> i = 179... 
----> i = 178... 
----> i = 177... 
----> i = 176... 
----> i = 175... 
----> i = 174... 
----> i = 173... 
----> i = 172... 
----> i = 171... 
----> i = 170... 
----> i = 169... 
----> i = 168... 
----> i = 167... 
----> i = 166... 
----> i = 165... 
----> i = 164... 
----> i = 163... 
----> i = 162... 
----> i = 161... 
----> i = 160... 
----> i = 159... 
----> i = 158... 
----> i = 157... 
----> i = 156... 
----> i = 155... 
----> i = 154... 
----> i = 153... 
----> i = 152... 
----> i = 151... 
----> i = 150... 
----> i = 149... 
----> i = 148... 
----> i = 147... 
----> i = 146... 
----> i = 145... 
----> i = 144... 
----> i = 143... 
----> i = 142... 
----> i = 141... 
----> i = 140... 
----> i = 139... 
----> i = 138... 
----> i = 137... 
----> i = 136... 
----> i = 135... 
----> i = 134... 
----> i = 133... 
----> i = 132... 
----> i = 131... 
----> i = 130... 
----> i = 129... 
----> i = 128... 
----> i = 127... 
----> i = 126... 
----> i = 125... 
----> i = 124... 
----> i = 123... 
----> i = 122... 
----> i = 121... 
----> i = 120... 
----> i = 119... 
----> i = 118... 
----> i = 117... 
----> i = 116... 
----> i = 115... 
----> i = 114... 
----> i = 113... 
----> i = 112... 
----> i = 111... 
----> i = 110... 
----> i = 109... 
----> i = 108... 
----> i = 107... 
----> i = 106... 
----> i = 105... 
----> i = 104... 
----> i = 103... 
----> i = 102... 
----> i = 101... 
----> i = 100... 
----> i = 99... 
----> i = 98... 
----> i = 97... 
----> i = 96... 
----> i = 95... 
----> i = 94... 
----> i = 93... 
----> i = 92... 
----> i = 91... 
----> i = 90... 
----> i = 89... 
----> i = 88... 
----> i = 87... 
----> i = 86... 
----> i = 85... 
----> i = 84... 
----> i = 83... 
----> i = 82... 
----> i = 81... 
----> i = 80... 
----> i = 79... 
----> i = 78... 
----> i = 77... 
----> i = 76... 
----> i = 75... 
----> i = 74... 
----> i = 73... 
----> i = 72... 
----> i = 71... 
----> i = 70... 
----> i = 69... 
----> i = 68... 
----> i = 67... 
----> i = 66... 
----> i = 65... 
----> i = 64... 
----> i = 63... 
----> i = 62... 
----> i = 61... 
----> i = 60... 
----> i = 59... 
----> i = 58... 
----> i = 57... 
----> i = 56... 
----> i = 55... 
----> i = 54... 
----> i = 53... 
----> i = 52... 
----> i = 51... 
----> i = 50... 
----> i = 49... 
----> i = 48... 
----> i = 47... 
----> i = 46... 
----> i = 45... 
----> i = 44... 
----> i = 43... 
----> i = 42... 
----> i = 41... 
----> i = 40... 
----> i = 39... 
----> i = 38... 
----> i = 37... 
----> i = 36... 
----> i = 35... 
----> i = 34... 
----> i = 33... 
----> i = 32... 
----> i = 31... 
----> i = 30... 
----> i = 29... 
----> i = 28... 
----> i = 27... 
----> i = 26... 
----> i = 25... 
----> i = 24... 
----> i = 23... 
----> i = 22... 
----> i = 21... 
----> i = 20... 
----> i = 19... 
----> i = 18... 
----> i = 17... 
----> i = 16... 
----> i = 15... 
----> i = 14... 
----> i = 13... 
----> i = 12... 
----> i = 11... 
----> i = 10... 
----> i = 9... 
----> i = 8... 
----> i = 7... 
----> i = 6... 
----> i = 5... 
----> i = 4... 
----> i = 3... 
----> i = 2... 
----> i = 1... 
----> i = 0... 
if system_dependent('IsDebugMode')==1, dbstep; end
if system_dependent('IsDebugMode')==1, dbstep; end
----> Computing adjacency matrix...
if system_dependent('IsDebugMode')==1, dbstep; end
max(indIJ(:,1))

ans =

   675

max(indIJ(:,2))

ans =

   675

size( indIJ(:,1) )

ans =

   998     1

AA = sparse(indIJ(:,1),indIJ(:,2),1,size(coordsDRT,1),size(coordsDRT,1) );
size(AA)

ans =

   682   682

AB = sparse(indIJ(:,1),indIJ(:,2),1);
AA == AB
{Error using <a href="matlab:helpUtils.errorDocCallback('eq')" style="font-weight:bold"> == </a>
Matrix dimensions must agree.
} 
AA(end-8,end)

ans =

   All zero sparse: 1-by-1

AB(end-8,end)

ans =

   All zero sparse: 1-by-1

if system_dependent('IsDebugMode')==1, dbquit; end
mainDRTGraphMetrics
