---------------------------------------------
           SPE WELL DATA EXTRACTOR           
---------------------------------------------
 
By:    Dr. Gustavo Peixoto de Oliveira
     M.Sc. Tatiana Araujo Simoes
       Dr. Moises Dantas dos Santos
       Dr. Waldir Leite Roque
 
       @Federal University of Paraiba - Brazil
 
S T A R T I N G     P R O G R A M
----> Rerun extractor? [0] no; [1] yes 
0
Reloading saved .mat files...
----> Choose method for well extraction: [0] N random wells; [1] specific well: 
0
----> Choose number of random wells to extract: 
10
---- Well Table ----
Well	 I	 J	
1	 53	 112	
2	 14	 108	
3	 1	 216	
4	 23	 56	
5	 21	 21	
6	 45	 68	
7	 24	 120	
8	 39	 205	
9	 26	 3	
10	 56	 180	
--------------------
----> Plot 3D reservoir? [0] no; [1] yes. 
0
----> Plot and print well data to file? [0] no; [1] yes. 
0
----> Export data to VTK for 3D visualization? [0] no; [1] yes. 
0
----> Export well data to CSV? [0] no; [1] yes. 
1
----> Plot and export Bland-Altman diagrams to file? [0] no; [1] yes. 
0
----> Plot and export histograms and regression analyses to file? [0] no; [1] yes. 
1
----> Save .mat 3D arrays (porosity, permeability) to file? [0] no; [1] yes. 
0
----> Plot and export HFU locations to file? [0] no; [1] yes. 
0
Options saved. Running extractor...
Creating cell arrays for wells...
Sweeping wells...
Well 1: (53,112) done.
Well 2: (14,108) done.
Well 3: (1,216) done.
Well 4: (23,56) done.
Well 5: (21,21) done.
Well 6: (45,68) done.
Well 7: (24,120) done.
Well 8: (39,205) done.
Well 9: (26,3) done.
Well 10: (56,180) done.
Exporting CSV file for well 1... 
Exporting CSV file for well 2... 
Exporting CSV file for well 3... 
Exporting CSV file for well 4... 
Exporting CSV file for well 5... 
Exporting CSV file for well 6... 
Exporting CSV file for well 7... 
Exporting CSV file for well 8... 
Exporting CSV file for well 9... 
Exporting CSV file for well 10... 
Exporting CSV file of logs/depth data for well(11,53); DRT 112... 
Exporting CSV file of regression fit data for well(11,53); DRT 112... 
Exporting CSV file of logs/depth data for well(12,53); DRT 112... 
Exporting CSV file of regression fit data for well(12,53); DRT 112... 
Exporting CSV file of logs/depth data for well(12,14); DRT 108... 
Exporting CSV file of regression fit data for well(12,14); DRT 108... 
Exporting CSV file of logs/depth data for well(13,14); DRT 108... 
Exporting CSV file of regression fit data for well(13,14); DRT 108... 
Exporting CSV file of logs/depth data for well(14,14); DRT 108... 
Exporting CSV file of regression fit data for well(14,14); DRT 108... 
Exporting CSV file of logs/depth data for well(10,1); DRT 216... 
Exporting CSV file of regression fit data for well(10,1); DRT 216... 
Exporting CSV file of logs/depth data for well(11,1); DRT 216... 
Exporting CSV file of regression fit data for well(11,1); DRT 216... 
Exporting CSV file of logs/depth data for well(12,1); DRT 216... 
Exporting CSV file of regression fit data for well(12,1); DRT 216... 
Exporting CSV file of logs/depth data for well(13,1); DRT 216... 
Exporting CSV file of regression fit data for well(13,1); DRT 216... 
Exporting CSV file of logs/depth data for well(14,1); DRT 216... 
Exporting CSV file of regression fit data for well(14,1); DRT 216... 
Exporting CSV file of logs/depth data for well(10,23); DRT 56... 
Exporting CSV file of regression fit data for well(10,23); DRT 56... 
Exporting CSV file of logs/depth data for well(12,23); DRT 56... 
Exporting CSV file of regression fit data for well(12,23); DRT 56... 
Exporting CSV file of logs/depth data for well(13,23); DRT 56... 
Exporting CSV file of regression fit data for well(13,23); DRT 56... 
Exporting CSV file of logs/depth data for well(15,23); DRT 56... 
Exporting CSV file of regression fit data for well(15,23); DRT 56... 
Exporting CSV file of logs/depth data for well(10,21); DRT 21... 
Exporting CSV file of regression fit data for well(10,21); DRT 21... 
Exporting CSV file of logs/depth data for well(11,21); DRT 21... 
Exporting CSV file of regression fit data for well(11,21); DRT 21... 
Exporting CSV file of logs/depth data for well(12,21); DRT 21... 
Exporting CSV file of regression fit data for well(12,21); DRT 21... 
Exporting CSV file of logs/depth data for well(14,21); DRT 21... 
Exporting CSV file of regression fit data for well(14,21); DRT 21... 
Exporting CSV file of logs/depth data for well(15,21); DRT 21... 
Exporting CSV file of regression fit data for well(15,21); DRT 21... 
Exporting CSV file of logs/depth data for well(10,45); DRT 68... 
Exporting CSV file of regression fit data for well(10,45); DRT 68... 
Exporting CSV file of logs/depth data for well(11,45); DRT 68... 
Exporting CSV file of regression fit data for well(11,45); DRT 68... 
Exporting CSV file of logs/depth data for well(12,45); DRT 68... 
Exporting CSV file of regression fit data for well(12,45); DRT 68... 
Exporting CSV file of logs/depth data for well(13,45); DRT 68... 
Exporting CSV file of regression fit data for well(13,45); DRT 68... 
Exporting CSV file of logs/depth data for well(14,45); DRT 68... 
Exporting CSV file of regression fit data for well(14,45); DRT 68... 
Exporting CSV file of logs/depth data for well(11,24); DRT 120... 
Exporting CSV file of regression fit data for well(11,24); DRT 120... 
Exporting CSV file of logs/depth data for well(12,24); DRT 120... 
Exporting CSV file of regression fit data for well(12,24); DRT 120... 
Exporting CSV file of logs/depth data for well(13,24); DRT 120... 
Exporting CSV file of regression fit data for well(13,24); DRT 120... 
Exporting CSV file of logs/depth data for well(11,39); DRT 205... 
Exporting CSV file of regression fit data for well(11,39); DRT 205... 
Exporting CSV file of logs/depth data for well(13,39); DRT 205... 
Exporting CSV file of regression fit data for well(13,39); DRT 205... 
Exporting CSV file of logs/depth data for well(15,39); DRT 205... 
Exporting CSV file of regression fit data for well(15,39); DRT 205... 
Exporting CSV file of logs/depth data for well(12,26); DRT 3... 
Exporting CSV file of regression fit data for well(12,26); DRT 3... 
Exporting CSV file of logs/depth data for well(13,26); DRT 3... 
Exporting CSV file of regression fit data for well(13,26); DRT 3... 
Exporting CSV file of logs/depth data for well(8,56); DRT 180... 
Exporting CSV file of regression fit data for well(8,56); DRT 180... 
Closing figures...
----> E X E C U T I O N    H A S    F I N I S H E D.
